<?xml version="1.0" encoding="UTF-8"?>
<!-- Generated by org.testng.reporters.JUnitXMLReporter -->
<testsuite ignored="0" hostname="DESKTOP-9N3PBG2" failures="0" tests="3" name="Default test" time="134.775" errors="0" timestamp="2025-05-02T16:37:29 IST">
  <testcase classname="com.crm.TestNGClasses.CreateOrganizationTest" name="createOrgWithIndustryAndType" time="57.077"/>
  <testcase classname="com.crm.TestNGClasses.CreateOrganizationTest" name="createOrgaWithPhone" time="14.786"/>
  <testcase classname="com.crm.TestNGClasses.CreateOrganizationTest" name="createOrganization" time="13.489"/>
</testsuite> <!-- Default test -->
