<?xml version="1.0" encoding="UTF-8"?>
<testng-results ignored="0" total="1" passed="1" failed="0" skipped="0">
  <reporter-output>
  </reporter-output>
  <suite started-at="2025-05-05T15:35:04 IST" name="Suite" finished-at="2025-05-05T15:35:45 IST" duration-ms="40505">
    <groups>
      <group name="smoke">
        <method signature="CreateCampaignTest.createCampaign()[pri:0, instance:com.crm.TestNGClasses.CreateCampaignTest@45d84a20]" name="createCampaign" class="com.crm.TestNGClasses.CreateCampaignTest"/>
      </group> <!-- smoke -->
    </groups>
    <test started-at="2025-05-05T15:35:04 IST" name="Test1" finished-at="2025-05-05T15:35:45 IST" duration-ms="40505">
      <class name="com.crm.TestNGClasses.CreateCampaignTest">
        <test-method is-config="true" signature="beforeClass(java.lang.String)[pri:0, instance:com.crm.TestNGClasses.CreateCampaignTest@45d84a20]" started-at="2025-05-05T15:35:05 IST" name="beforeClass" finished-at="2025-05-05T15:35:10 IST" duration-ms="5761" status="PASS">
          <params>
            <param index="0">
              <value>
                <![CDATA[chrome]]>
              </value>
            </param>
          </params>
          <reporter-output>
          </reporter-output>
        </test-method> <!-- beforeClass -->
        <test-method is-config="true" signature="beforeMethod()[pri:0, instance:com.crm.TestNGClasses.CreateCampaignTest@45d84a20]" started-at="2025-05-05T15:35:10 IST" name="beforeMethod" finished-at="2025-05-05T15:35:27 IST" duration-ms="16409" status="PASS">
          <reporter-output>
          </reporter-output>
        </test-method> <!-- beforeMethod -->
        <test-method signature="createCampaign()[pri:0, instance:com.crm.TestNGClasses.CreateCampaignTest@45d84a20]" started-at="2025-05-05T15:35:27 IST" name="createCampaign" finished-at="2025-05-05T15:35:42 IST" duration-ms="15592" status="PASS">
          <reporter-output>
          </reporter-output>
        </test-method> <!-- createCampaign -->
        <test-method is-config="true" signature="afterMethod()[pri:0, instance:com.crm.TestNGClasses.CreateCampaignTest@45d84a20]" started-at="2025-05-05T15:35:42 IST" name="afterMethod" finished-at="2025-05-05T15:35:45 IST" duration-ms="2069" status="PASS">
          <reporter-output>
          </reporter-output>
        </test-method> <!-- afterMethod -->
        <test-method is-config="true" signature="afterClass()[pri:0, instance:com.crm.TestNGClasses.CreateCampaignTest@45d84a20]" started-at="2025-05-05T15:35:45 IST" name="afterClass" finished-at="2025-05-05T15:35:45 IST" duration-ms="436" status="PASS">
          <reporter-output>
          </reporter-output>
        </test-method> <!-- afterClass -->
      </class> <!-- com.crm.TestNGClasses.CreateCampaignTest -->
    </test> <!-- Test1 -->
  </suite> <!-- Suite -->
</testng-results>
