<?xml version="1.0" encoding="UTF-8"?>
<testng-results ignored="0" total="3" passed="3" failed="0" skipped="0">
  <reporter-output>
  </reporter-output>
  <suite started-at="2025-05-02T16:35:15 IST" name="Default suite" finished-at="2025-05-02T16:37:29 IST" duration-ms="134775">
    <groups>
      <group name="regression">
        <method signature="CreateOrganizationTest.createOrganization()[pri:0, instance:com.crm.TestNGClasses.CreateOrganizationTest@533bda92]" name="createOrganization" class="com.crm.TestNGClasses.CreateOrganizationTest"/>
      </group> <!-- regression -->
    </groups>
    <test started-at="2025-05-02T16:35:15 IST" name="Default test" finished-at="2025-05-02T16:37:29 IST" duration-ms="134775">
      <class name="com.crm.TestNGClasses.CreateOrganizationTest">
        <test-method is-config="true" signature="beforeSuite()[pri:0, instance:com.crm.TestNGClasses.CreateOrganizationTest@533bda92]" started-at="2025-05-02T16:35:15 IST" name="beforeSuite" finished-at="2025-05-02T16:35:15 IST" duration-ms="42" status="PASS">
          <reporter-output>
          </reporter-output>
        </test-method> <!-- beforeSuite -->
        <test-method is-config="true" signature="beforeClass()[pri:0, instance:com.crm.TestNGClasses.CreateOrganizationTest@533bda92]" started-at="2025-05-02T16:35:15 IST" name="beforeClass" finished-at="2025-05-02T16:35:24 IST" duration-ms="9484" status="PASS">
          <reporter-output>
          </reporter-output>
        </test-method> <!-- beforeClass -->
        <test-method is-config="true" signature="beforeMethod()[pri:0, instance:com.crm.TestNGClasses.CreateOrganizationTest@533bda92]" started-at="2025-05-02T16:35:24 IST" name="beforeMethod" finished-at="2025-05-02T16:35:47 IST" duration-ms="23147" status="PASS">
          <reporter-output>
          </reporter-output>
        </test-method> <!-- beforeMethod -->
        <test-method signature="createOrgWithIndustryAndType()[pri:0, instance:com.crm.TestNGClasses.CreateOrganizationTest@533bda92]" started-at="2025-05-02T16:35:47 IST" name="createOrgWithIndustryAndType" finished-at="2025-05-02T16:36:45 IST" duration-ms="57077" status="PASS">
          <reporter-output>
          </reporter-output>
        </test-method> <!-- createOrgWithIndustryAndType -->
        <test-method is-config="true" signature="afterMethod()[pri:0, instance:com.crm.TestNGClasses.CreateOrganizationTest@533bda92]" started-at="2025-05-02T16:36:45 IST" name="afterMethod" finished-at="2025-05-02T16:36:48 IST" duration-ms="3392" status="PASS">
          <reporter-output>
          </reporter-output>
        </test-method> <!-- afterMethod -->
        <test-method is-config="true" signature="beforeMethod()[pri:0, instance:com.crm.TestNGClasses.CreateOrganizationTest@533bda92]" started-at="2025-05-02T16:36:48 IST" name="beforeMethod" finished-at="2025-05-02T16:36:54 IST" duration-ms="5964" status="PASS">
          <reporter-output>
          </reporter-output>
        </test-method> <!-- beforeMethod -->
        <test-method signature="createOrgaWithPhone()[pri:0, instance:com.crm.TestNGClasses.CreateOrganizationTest@533bda92]" started-at="2025-05-02T16:36:54 IST" name="createOrgaWithPhone" finished-at="2025-05-02T16:37:09 IST" duration-ms="14786" status="PASS">
          <reporter-output>
          </reporter-output>
        </test-method> <!-- createOrgaWithPhone -->
        <test-method is-config="true" signature="afterMethod()[pri:0, instance:com.crm.TestNGClasses.CreateOrganizationTest@533bda92]" started-at="2025-05-02T16:37:09 IST" name="afterMethod" finished-at="2025-05-02T16:37:10 IST" duration-ms="1605" status="PASS">
          <reporter-output>
          </reporter-output>
        </test-method> <!-- afterMethod -->
        <test-method is-config="true" signature="beforeMethod()[pri:0, instance:com.crm.TestNGClasses.CreateOrganizationTest@533bda92]" started-at="2025-05-02T16:37:10 IST" name="beforeMethod" finished-at="2025-05-02T16:37:14 IST" duration-ms="3598" status="PASS">
          <reporter-output>
          </reporter-output>
        </test-method> <!-- beforeMethod -->
        <test-method signature="createOrganization()[pri:0, instance:com.crm.TestNGClasses.CreateOrganizationTest@533bda92]" started-at="2025-05-02T16:37:14 IST" name="createOrganization" finished-at="2025-05-02T16:37:27 IST" duration-ms="13489" status="PASS">
          <reporter-output>
          </reporter-output>
        </test-method> <!-- createOrganization -->
        <test-method is-config="true" signature="afterMethod()[pri:0, instance:com.crm.TestNGClasses.CreateOrganizationTest@533bda92]" started-at="2025-05-02T16:37:27 IST" name="afterMethod" finished-at="2025-05-02T16:37:29 IST" duration-ms="1714" status="PASS">
          <reporter-output>
          </reporter-output>
        </test-method> <!-- afterMethod -->
        <test-method is-config="true" signature="afterClass()[pri:0, instance:com.crm.TestNGClasses.CreateOrganizationTest@533bda92]" started-at="2025-05-02T16:37:29 IST" name="afterClass" finished-at="2025-05-02T16:37:29 IST" duration-ms="338" status="PASS">
          <reporter-output>
          </reporter-output>
        </test-method> <!-- afterClass -->
        <test-method is-config="true" signature="afterSuite()[pri:0, instance:com.crm.TestNGClasses.CreateOrganizationTest@533bda92]" started-at="2025-05-02T16:37:29 IST" name="afterSuite" finished-at="2025-05-02T16:37:29 IST" duration-ms="4" status="PASS">
          <reporter-output>
          </reporter-output>
        </test-method> <!-- afterSuite -->
      </class> <!-- com.crm.TestNGClasses.CreateOrganizationTest -->
    </test> <!-- Default test -->
  </suite> <!-- Default suite -->
</testng-results>
